[INFO] Oct Sat 26 01:17:43 2024 | Logger started successfully.
[INFO] Oct Sat 26 01:17:54 2024 | [Command] tty1/lsh: chthm 111
[INFO] Oct Sat 26 01:17:54 2024 | Shell theme changed to 
[INFO] Oct Sat 26 01:18:04 2024 | [Command] tty1/lsh: chthm     
[INFO] Oct Sat 26 01:18:04 2024 | Shell theme changed to 
[INFO] Oct Sat 26 01:18:11 2024 | [Command] tty1/lsh: chthm lite
[INFO] Oct Sat 26 01:18:11 2024 | Shell theme changed to 
[INFO] Oct Sat 26 01:18:23 2024 | [Command] tty1/lsh: help
[INFO] Oct Sat 26 01:18:47 2024 | [Command] tty1/lsh: chthm arch_bash
[INFO] Oct Sat 26 01:18:47 2024 | Shell theme changed to 
[INFO] Oct Sat 26 01:18:48 2024 | [Command] tty1/lsh: 
[INFO] Oct Sat 26 01:18:49 2024 | [Command] tty1/lsh: 
[INFO] Oct Sat 26 01:18:49 2024 | [Command] tty1/lsh: 
[INFO] Oct Sat 26 01:18:54 2024 | [Command] tty1/lsh: chthm 
[INFO] Oct Sat 26 01:18:54 2024 | Shell theme changed to 
[INFO] Oct Sat 26 01:19:00 2024 | [Command] tty1/lsh: chthm def
[INFO] Oct Sat 26 01:19:00 2024 | Shell theme changed to 
[INFO] Oct Sat 26 01:19:04 2024 | [Command] tty1/lsh: chthm default
[INFO] Oct Sat 26 01:19:04 2024 | Shell theme changed to 
[INFO] Oct Sat 26 01:19:41 2024 | [Command] tty1/lsh: conf
[INFO] Oct Sat 26 01:19:47 2024 | [Command] tty1/lsh: conf
[INFO] Oct Sat 26 01:19:53 2024 | [Command] tty1/lsh: chthm lite
[INFO] Oct Sat 26 01:19:53 2024 | Shell theme changed to 
[INFO] Oct Sat 26 01:19:55 2024 | [Command] tty1/lsh: conf
[INFO] Oct Sat 26 01:20:02 2024 | [Command] tty1/lsh: st
[INFO] Oct Sat 26 01:20:02 2024 | Shutting down.
